<?xml version="1.0" encoding="UTF-8"?>
<!-- Generated by org.testng.reporters.JUnitXMLReporter -->
<testsuite hostname="Shriji-PC" name="Default test" tests="4" failures="0" timestamp="2 Dec 2018 21:19:09 GMT" time="94.718" errors="0">
  <testcase name="HomePageValidation" time="0.677" classname="com.openweathermap.www.testcases.EndToEndScenario"/>
  <testcase name="InValidCitySearch" time="11.416" classname="com.openweathermap.www.testcases.EndToEndScenario"/>
  <testcase name="ZipCodeSearch" time="3.065" classname="com.openweathermap.www.testcases.EndToEndScenario"/>
  <testcase name="test_03" time="12.622" classname="com.openweathermap.www.testcases.EndToEndScenario"/>
</testsuite> <!-- Default test -->
